<?xml version="1.0" encoding="UTF-8"?>
<!-- Generated by org.testng.reporters.JUnitReportReporter -->
<testsuite skipped="0" hostname="DESKTOP-OB90OE0" name="stepdefinitions.login" tests="1" failures="0" timestamp="08 Sep 2020 18:53:35 GMT" time="0.070" errors="0">
  <testcase name="open_URL" time="0.070" classname="stepdefinitions.login"/>
</testsuite> <!-- stepdefinitions.login -->
