<?xml version="1.0" encoding="UTF-8"?>
<!-- Generated by org.testng.reporters.JUnitReportReporter -->
<testsuite skipped="0" hostname="DESKTOP-OB90OE0" name="stepdefinitions.login" tests="1" failures="0" timestamp="09 Sep 2020 19:23:29 GMT" time="51.402" errors="0">
  <testcase name="Login" time="51.402" classname="stepdefinitions.login"/>
</testsuite> <!-- stepdefinitions.login -->
