<?xml version="1.0" encoding="UTF-8"?>
<!-- Generated by org.testng.reporters.JUnitReportReporter -->
<testsuite skipped="0" hostname="DESKTOP-OB90OE0" name="stepdefinitions.login" tests="1" failures="0" timestamp="09 Sep 2020 18:57:03 GMT" time="17.323" errors="0">
  <testcase name="Login" time="17.323" classname="stepdefinitions.login"/>
</testsuite> <!-- stepdefinitions.login -->
